Log file open, 01/18/19 10:17:58
LogWindows: Failed to load 'aqProf.dll' (GetLastError=126)
LogWindows: File 'aqProf.dll' does not exist
LogWindows: Failed to load 'VSPerf140.dll' (GetLastError=126)
LogWindows: File 'VSPerf140.dll' does not exist
LogWindows: Failed to load 'VtuneApi.dll' (GetLastError=126)
LogWindows: File 'VtuneApi.dll' does not exist
LogWindows: Failed to load 'VtuneApi32e.dll' (GetLastError=126)
LogWindows: File 'VtuneApi32e.dll' does not exist
LogInit: Display: Running engine for game: UnrealGJ
LogPlatformFile: Not using cached read wrapper
LogTaskGraph: Started task graph with 5 named threads and 35 total threads with 3 sets of task threads.
LogStats: Stats thread started at 0.425669
LogD3D11RHI: Loaded GFSDK_Aftermath_Lib.x64.dll
LogICUInternationalization: Display: ICU TimeZone Detection - Raw Offset: +1:00, Platform Override: ''
LogPluginManager: Mounting plugin Paper2D
LogPluginManager: Mounting plugin AISupport
LogPluginManager: Mounting plugin LightPropagationVolume
LogPluginManager: Mounting plugin CLionSourceCodeAccess
LogPluginManager: Mounting plugin CodeLiteSourceCodeAccess
LogPluginManager: Mounting plugin GitSourceControl
LogPluginManager: Mounting plugin KDevelopSourceCodeAccess
LogPluginManager: Mounting plugin NullSourceCodeAccess
LogPluginManager: Mounting plugin PerforceSourceControl
LogPluginManager: Mounting plugin SubversionSourceControl
LogPluginManager: Mounting plugin UObjectPlugin
LogPluginManager: Mounting plugin VisualStudioCodeSourceCodeAccess
LogPluginManager: Mounting plugin VisualStudioSourceCodeAccess
LogPluginManager: Mounting plugin XCodeSourceCodeAccess
LogPluginManager: Mounting plugin AssetManagerEditor
LogPluginManager: Mounting plugin CryptoKeys
LogPluginManager: Mounting plugin DataValidation
LogPluginManager: Mounting plugin FacialAnimation
LogPluginManager: Mounting plugin GameplayTagsEditor
LogPluginManager: Mounting plugin MacGraphicsSwitching
LogPluginManager: Mounting plugin MeshEditor
LogPluginManager: Mounting plugin MobileLauncherProfileWizard
LogPluginManager: Mounting plugin PluginBrowser
LogPluginManager: Mounting plugin SpeedTreeImporter
LogPluginManager: Mounting plugin DatasmithContent
LogPluginManager: Mounting plugin AlembicImporter
LogPluginManager: Mounting plugin AppleImageUtils
LogPluginManager: Mounting plugin AppleVision
LogPluginManager: Mounting plugin BackChannel
LogPluginManager: Mounting plugin CharacterAI
LogPluginManager: Mounting plugin GeometryCache
LogPluginManager: Mounting plugin HTML5Networking
LogPluginManager: Mounting plugin ProxyLODPlugin
LogPluginManager: Mounting plugin MagicLeap
LogPluginManager: Mounting plugin MagicLeapEmulator
LogPluginManager: Mounting plugin MagicLeapMedia
LogPluginManager: Mounting plugin AndroidMedia
LogPluginManager: Mounting plugin AvfMedia
LogPluginManager: Mounting plugin ImgMedia
LogPluginManager: Mounting plugin LinearTimecode
LogPluginManager: Mounting plugin MediaCompositing
LogPluginManager: Mounting plugin MediaPlayerEditor
LogPluginManager: Mounting plugin WmfMedia
LogPluginManager: Mounting plugin TcpMessaging
LogPluginManager: Mounting plugin UdpMessaging
LogPluginManager: Mounting plugin ActorSequence
LogPluginManager: Mounting plugin LevelSequenceEditor
LogPluginManager: Mounting plugin MatineeToLevelSequence
LogPluginManager: Mounting plugin NetcodeUnitTest
LogPluginManager: Mounting plugin NUTUnrealEngine4
LogPluginManager: Mounting plugin OnlineSubsystemGooglePlay
LogPluginManager: Mounting plugin OnlineSubsystemIOS
LogPluginManager: Mounting plugin OnlineSubsystem
LogPluginManager: Mounting plugin OnlineSubsystemNull
LogPluginManager: Mounting plugin OnlineSubsystemUtils
LogPluginManager: Mounting plugin LauncherChunkInstaller
LogPluginManager: Mounting plugin AndroidDeviceProfileSelector
LogPluginManager: Mounting plugin AndroidMoviePlayer
LogPluginManager: Mounting plugin AndroidPermission
LogPluginManager: Mounting plugin AppleMoviePlayer
LogPluginManager: Mounting plugin ArchVisCharacter
LogPluginManager: Mounting plugin AudioCapture
LogPluginManager: Mounting plugin CableComponent
LogPluginManager: Mounting plugin CustomMeshComponent
LogPluginManager: Mounting plugin EditableMesh
LogPluginManager: Mounting plugin ExampleDeviceProfileSelector
LogPluginManager: Mounting plugin GoogleCloudMessaging
LogPluginManager: Mounting plugin ImmediatePhysics
LogPluginManager: Mounting plugin IOSDeviceProfileSelector
LogPluginManager: Mounting plugin LinuxDeviceProfileSelector
LogPluginManager: Mounting plugin LocationServicesBPLibrary
LogPluginManager: Mounting plugin MobilePatchingUtils
LogPluginManager: Mounting plugin OculusVR
LogPluginManager: Plugin shader directory ../../../Engine/Plugins/Runtime/Oculus/OculusVR/Shaders found
LogPluginManager: Mapping shader source directory ../../../Engine/Plugins/Runtime/Oculus/OculusVR/Shaders to virtual directory /Plugin/OculusVR
LogPluginManager: Mounting plugin PhysXVehicles
LogPluginManager: Mounting plugin ProceduralMeshComponent
LogPluginManager: Mounting plugin RuntimePhysXCooking
LogPluginManager: Mounting plugin SteamVR
LogPluginManager: Mounting plugin WindowsMoviePlayer
LogStreaming: Display: Took  0.081s to configure plugins.
LogInit: Using libcurl 7.55.1-DEV
LogInit:  - built for x86_64-pc-win32
LogInit:  - supports SSL with OpenSSL/1.0.2h
LogInit:  - supports HTTP deflate (compression) using libz 1.2.8
LogInit:  - other features:
LogInit:      CURL_VERSION_SSL
LogInit:      CURL_VERSION_LIBZ
LogInit:      CURL_VERSION_IPV6
LogInit:      CURL_VERSION_ASYNCHDNS
LogInit:      CURL_VERSION_LARGEFILE
LogInit:      CURL_VERSION_IDN
LogInit:  CurlRequestOptions (configurable via config and command line):
LogInit:  - bVerifyPeer = false  - Libcurl will NOT verify peer certificate
LogInit:  - bUseHttpProxy = false  - Libcurl will NOT use HTTP proxy
LogInit:  - bDontReuseConnections = false  - Libcurl will reuse connections
LogInit:  - CertBundlePath = nullptr  - Libcurl will use whatever was configured at build time.
LogInit:  - MaxHostConnections = 16  - Libcurl will limit the number of connections to a host
LogInit:  - LocalHostAddr = Default
LogInit:  - BufferSize = 65536
LogInit: WinSock: version 1.1 (2.2), MaxSocks=32767, MaxUdp=65467
LogInit: Build: ++UE4+Release-4.20-CL-4369336
LogInit: Engine Version: 4.20.3-4369336+++UE4+Release-4.20
LogInit: Compatible Engine Version: 4.20.0-4212847+++UE4+Release-4.20
LogInit: Net CL: 4212847
LogInit: OS: Windows 10 (), CPU: Intel(R) Core(TM) i7-8750H CPU @ 2.20GHz, GPU: NVIDIA GeForce GTX 1070
LogInit: Compiled (64-bit): Sep 17 2018 12:26:19
LogInit: Compiled with Visual C++: 19.13.26129.00
LogInit: Build Configuration: Development
LogInit: Branch Name: ++UE4+Release-4.20
LogInit: Command Line:  
LogInit: Base Directory: C:/Program Files/Epic Games/UE_4.20/Engine/Binaries/Win64/
LogInit: Installed Engine Build: 1
LogDevObjectVersion: Number of dev versions registered: 20
LogDevObjectVersion:   Dev-Blueprints (B0D832E4-1F89-4F0D-ACCF-7EB736FD4AA2): 10
LogDevObjectVersion:   Dev-Build (E1C64328-A22C-4D53-A36C-8E866417BD8C): 0
LogDevObjectVersion:   Dev-Core (375EC13C-06E4-48FB-B500-84F0262A717E): 2
LogDevObjectVersion:   Dev-Editor (E4B068ED-F494-42E9-A231-DA0B2E46BB41): 24
LogDevObjectVersion:   Dev-Framework (CFFC743F-43B0-4480-9391-14DF171D2073): 34
LogDevObjectVersion:   Dev-Mobile (B02B49B5-BB20-44E9-A304-32B752E40360): 2
LogDevObjectVersion:   Dev-Networking (A4E4105C-59A1-49B5-A7C5-40C4547EDFEE): 0
LogDevObjectVersion:   Dev-Online (39C831C9-5AE6-47DC-9A44-9C173E1C8E7C): 0
LogDevObjectVersion:   Dev-Physics (78F01B33-EBEA-4F98-B9B4-84EACCB95AA2): 0
LogDevObjectVersion:   Dev-Platform (6631380F-2D4D-43E0-8009-CF276956A95A): 0
LogDevObjectVersion:   Dev-Rendering (12F88B9F-8875-4AFC-A67C-D90C383ABD29): 26
LogDevObjectVersion:   Dev-Sequencer (7B5AE74C-D270-4C10-A958-57980B212A5A): 9
LogDevObjectVersion:   Dev-VR (D7296918-1DD6-4BDD-9DE2-64A83CC13884): 2
LogDevObjectVersion:   Dev-LoadTimes (C2A15278-BFE7-4AFE-6C17-90FF531DF755): 1
LogDevObjectVersion:   Private-Geometry (6EACA3D4-40EC-4CC1-B786-8BED09428FC5): 3
LogDevObjectVersion:   Dev-AnimPhys (29E575DD-E0A3-4627-9D10-D276232CDCEA): 17
LogDevObjectVersion:   Dev-ReflectionCapture (6B266CEC-1EC7-4B8F-A30B-E4D90942FC07): 1
LogDevObjectVersion:   Dev-Automation (0DF73D61-A23F-47EA-B727-89E90C41499A): 1
LogDevObjectVersion:   FortniteMain (601D1886-AC64-4F84-AA16-D3DE0DEAC7D6): 12
LogDevObjectVersion:   Dev-Enterprise (9DFFBCD6-494F-0158-E221-12823C92A888): 1
LogStreaming: Display: Took  0.000s to delete old logs.
LogInit: Presizing for max 8388607 objects, including 0 objects not considered by GC, pre-allocating 0 bytes for permanent pool.
LogInit: Object subsystem initialized
[2019.01.18-09.17.58:727][  0]LogInit: Selected Device Profile: [Windows]
[2019.01.18-09.17.58:727][  0]LogInit: Applying CVar settings loaded from the selected device profile: [Windows]
[2019.01.18-09.17.58:744][  0]LogHAL: Display: Platform has ~ 32 GB [34275094528 / 34359738368 / 32], which maps to Largest [LargestMinGB=32, LargerMinGB=12, DefaultMinGB=8, SmallerMinGB=6, SmallestMinGB=0)
[2019.01.18-09.17.58:744][  0]LogInit: Setting Device Profile CVar: [[r.Vulkan.UseRealUBs:1]]
[2019.01.18-09.17.58:744][  0]LogInit: Going up to parent DeviceProfile []
[2019.01.18-09.17.58:748][  0]LogInit: Computer: LAPTOP-RAIVF6BC
[2019.01.18-09.17.58:748][  0]LogInit: User: robin
[2019.01.18-09.17.58:748][  0]LogInit: CPU Page size=4096, Cores=6
[2019.01.18-09.17.58:748][  0]LogInit: High frequency timer resolution =2.156247 MHz
[2019.01.18-09.17.58:748][  0]LogMemory: Memory total: Physical=31.9GB (32GB approx)
[2019.01.18-09.17.58:748][  0]LogMemory: Platform Memory Stats for Windows
[2019.01.18-09.17.58:748][  0]LogMemory: Process Physical Memory: 101.32 MB used, 101.32 MB peak
[2019.01.18-09.17.58:748][  0]LogMemory: Process Virtual Memory: 85.75 MB used, 85.75 MB peak
[2019.01.18-09.17.58:748][  0]LogMemory: Physical Memory: 8848.47 MB used,  23838.81 MB free, 32687.28 MB total
[2019.01.18-09.17.58:748][  0]LogMemory: Virtual Memory: 4652.74 MB used,  23838.81 MB free, 134217728.00 MB total
[2019.01.18-09.17.58:857][  0]LogInit: Using OS detected language (fr-FR).
[2019.01.18-09.17.58:857][  0]LogInit: Using OS detected locale (fr-FR).
[2019.01.18-09.17.58:858][  0]LogTextLocalizationManager: No specific localization for 'fr-FR' exists, so the 'fr' localization will be used.
[2019.01.18-09.17.58:876][  0]LogStreaming: Display: Took  0.019s to InitEngineTextLocalization.
[2019.01.18-09.17.58:876][  0]LogInit: Setting process to per monitor DPI aware
[2019.01.18-09.17.58:935][  0]LogSlate: New Slate User Created.  User Index 0, Is Virtual User: 0
[2019.01.18-09.17.58:935][  0]LogSlate: Slate User Registered.  User Index 0, Is Virtual User: 0
[2019.01.18-09.18.00:813][  0]LogHMD: Failed to initialize OpenVR with code 126
[2019.01.18-09.18.00:813][  0]LogD3D11RHI: D3D11 adapters:
[2019.01.18-09.18.00:878][  0]LogD3D11RHI:    0. 'NVIDIA GeForce GTX 1070' (Feature Level 11_0)
[2019.01.18-09.18.00:878][  0]LogD3D11RHI:       8081/0/16343 MB DedicatedVideo/DedicatedSystem/SharedSystem, Outputs:1, VendorId:0x10de
[2019.01.18-09.18.00:880][  0]LogD3D11RHI:    1. 'Microsoft Basic Render Driver' (Feature Level 11_0)
[2019.01.18-09.18.00:880][  0]LogD3D11RHI:       0/0/16343 MB DedicatedVideo/DedicatedSystem/SharedSystem, Outputs:0, VendorId:0x1414
[2019.01.18-09.18.00:880][  0]LogD3D11RHI: Chosen D3D11 Adapter: 0
[2019.01.18-09.18.00:886][  0]LogD3D11RHI: Creating new Direct3DDevice
[2019.01.18-09.18.00:886][  0]LogD3D11RHI:     GPU DeviceId: 0x1be1 (for the marketing name, search the web for "GPU Device Id")
[2019.01.18-09.18.00:886][  0]LogWindows: EnumDisplayDevices:
[2019.01.18-09.18.00:886][  0]LogWindows:    0. 'NVIDIA GeForce GTX 1070' (P:1 D:1)
[2019.01.18-09.18.00:886][  0]LogWindows:    1. 'NVIDIA GeForce GTX 1070' (P:0 D:0)
[2019.01.18-09.18.00:887][  0]LogWindows:    2. 'NVIDIA GeForce GTX 1070' (P:0 D:0)
[2019.01.18-09.18.00:887][  0]LogWindows:    3. 'NVIDIA GeForce GTX 1070' (P:0 D:0)
[2019.01.18-09.18.00:887][  0]LogWindows: DebugString: FoundDriverCount:4 
[2019.01.18-09.18.00:887][  0]LogD3D11RHI:     Adapter Name: NVIDIA GeForce GTX 1070
[2019.01.18-09.18.00:887][  0]LogD3D11RHI:   Driver Version: 417.01 (internal:25.21.14.1701, unified:417.01)
[2019.01.18-09.18.00:887][  0]LogD3D11RHI:      Driver Date: 11-15-2018
[2019.01.18-09.18.00:887][  0]LogRHI: Texture pool is 5656 MB (70% of 8081 MB)
[2019.01.18-09.18.00:921][  0]LogD3D11RHI: Async texture creation enabled
[2019.01.18-09.18.00:957][  0]LogD3D11RHI: GPU Timing Frequency: 1000.000000 (Debug: 2 2)
[2019.01.18-09.18.01:000][  0]LogShaderCompilers: Guid format shader working directory is -23 characters bigger than the processId version (D:/Cours/DeuxiemeAnnee/WorkShop/GJ/GiletsJauneCetteFoisCbon/UnrealGJ/Intermediate/Shaders/WorkingDirectory/17504/).
[2019.01.18-09.18.01:001][  0]LogShaderCompilers: Cleaned the shader compiler working directory 'C:/Users/robin/AppData/Local/Temp/UnrealShaderWorkingDir/AC95FBE94F8BDB61014E3E8406742A6F/'.
[2019.01.18-09.18.01:253][  0]LogTemp: Display: Loaded TP AllDesktopTargetPlatform
[2019.01.18-09.18.01:265][  0]LogTemp: Display: Loaded TP MacClientTargetPlatform
[2019.01.18-09.18.01:277][  0]LogTemp: Display: Loaded TP MacNoEditorTargetPlatform
[2019.01.18-09.18.01:290][  0]LogTemp: Display: Loaded TP MacServerTargetPlatform
[2019.01.18-09.18.01:310][  0]LogTemp: Display: Loaded TP MacTargetPlatform
[2019.01.18-09.18.01:322][  0]LogTemp: Display: Loaded TP WindowsClientTargetPlatform
[2019.01.18-09.18.01:335][  0]LogTemp: Display: Loaded TP WindowsNoEditorTargetPlatform
[2019.01.18-09.18.01:347][  0]LogTemp: Display: Loaded TP WindowsServerTargetPlatform
[2019.01.18-09.18.01:354][  0]LogTemp: Display: Loaded TP WindowsTargetPlatform
[2019.01.18-09.18.01:436][  0]LogTemp: Display: Loaded TP AndroidTargetPlatform
[2019.01.18-09.18.01:436][  0]LogTemp: Display: Loaded TP AndroidTargetPlatform
[2019.01.18-09.18.01:436][  0]LogTemp: Display: Loaded TP AndroidTargetPlatform
[2019.01.18-09.18.01:436][  0]LogTemp: Display: Loaded TP AndroidTargetPlatform
[2019.01.18-09.18.01:436][  0]LogTemp: Display: Loaded TP AndroidTargetPlatform
[2019.01.18-09.18.01:436][  0]LogTemp: Display: Loaded TP AndroidTargetPlatform
[2019.01.18-09.18.01:436][  0]LogTemp: Display: Loaded TP AndroidTargetPlatform
[2019.01.18-09.18.01:437][  0]LogTemp: Display: Loaded TP AndroidTargetPlatform
[2019.01.18-09.18.01:437][  0]LogTemp: Display: Loaded TP AndroidTargetPlatform
[2019.01.18-09.18.01:437][  0]LogTemp: Display: Loaded TP AndroidTargetPlatform
[2019.01.18-09.18.01:437][  0]LogTemp: Display: Loaded TP AndroidTargetPlatform
[2019.01.18-09.18.01:437][  0]LogTemp: Display: Loaded TP AndroidTargetPlatform
[2019.01.18-09.18.01:437][  0]LogTemp: Display: Loaded TP AndroidTargetPlatform
[2019.01.18-09.18.01:437][  0]LogTemp: Display: Loaded TP AndroidTargetPlatform
[2019.01.18-09.18.01:437][  0]LogTemp: Display: Loaded TP AndroidTargetPlatform
[2019.01.18-09.18.01:437][  0]LogTemp: Display: Loaded TP AndroidTargetPlatform
[2019.01.18-09.18.01:437][  0]LogTemp: Display: Loaded TP AndroidTargetPlatform
[2019.01.18-09.18.01:437][  0]LogTemp: Display: Loaded TP AndroidTargetPlatform
[2019.01.18-09.18.01:438][  0]LogTemp: Display: Loaded TP HTML5TargetPlatform
[2019.01.18-09.18.01:502][  0]LogTemp: Display: Loaded TP IOSTargetPlatform
[2019.01.18-09.18.01:502][  0]LogTemp: Display: Loaded TP IOSTargetPlatform
[2019.01.18-09.18.01:522][  0]LogTemp: Display: Loaded TP TVOSTargetPlatform
[2019.01.18-09.18.01:522][  0]LogTemp: Display: Loaded TP TVOSTargetPlatform
[2019.01.18-09.18.01:533][  0]LogTemp: Display: Loaded TP LinuxClientTargetPlatform
[2019.01.18-09.18.01:544][  0]LogTemp: Display: Loaded TP LinuxNoEditorTargetPlatform
[2019.01.18-09.18.01:555][  0]LogTemp: Display: Loaded TP LinuxServerTargetPlatform
[2019.01.18-09.18.01:572][  0]LogTemp: Display: Loaded TP LinuxTargetPlatform
[2019.01.18-09.18.01:580][  0]LogTemp: Display: Loaded TP LuminTargetPlatform
[2019.01.18-09.18.01:580][  0]LogTargetPlatformManager: Display: Building Assets For Windows
[2019.01.18-09.18.01:656][  0]LogXGEController: Cleaning working directory: C:/Users/robin/AppData/Local/Temp/UnrealXGEWorkingDir/
[2019.01.18-09.18.01:656][  0]LogXGEController: Cannot use XGE Controller as Incredibuild is not installed on this machine.
[2019.01.18-09.18.01:656][  0]LogShaderCompilers: Cannot use XGE Shader Compiler as Incredibuild is not installed on this machine.
[2019.01.18-09.18.01:656][  0]LogShaderCompilers: Display: Using Local Shader Compiler.
[2019.01.18-09.18.03:191][  0]LogDerivedDataCache: Display: Max Cache Size: 512 MB
[2019.01.18-09.18.03:241][  0]LogDerivedDataCache: Loaded boot cache 0.05s 71MB C:/Users/robin/AppData/Local/UnrealEngine/4.20/DerivedDataCache/Boot.ddc.
[2019.01.18-09.18.03:241][  0]LogDerivedDataCache: Display: Loaded Boot cache: C:/Users/robin/AppData/Local/UnrealEngine/4.20/DerivedDataCache/Boot.ddc
[2019.01.18-09.18.03:241][  0]LogDerivedDataCache: FDerivedDataBackendGraph:  Pak pak cache file D:/Cours/DeuxiemeAnnee/WorkShop/GJ/GiletsJauneCetteFoisCbon/UnrealGJ/DerivedDataCache/DDC.ddp not found, will not use a pak cache.
[2019.01.18-09.18.03:241][  0]LogDerivedDataCache: Unable to find inner node Pak for hierarchical cache Hierarchy.
[2019.01.18-09.18.03:241][  0]LogDerivedDataCache: FDerivedDataBackendGraph:  CompressedPak pak cache file D:/Cours/DeuxiemeAnnee/WorkShop/GJ/GiletsJauneCetteFoisCbon/UnrealGJ/DerivedDataCache/Compressed.ddp not found, will not use a pak cache.
[2019.01.18-09.18.03:241][  0]LogDerivedDataCache: Unable to find inner node CompressedPak for hierarchical cache Hierarchy.
[2019.01.18-09.18.03:256][  0]LogDerivedDataCache: Display: Pak cache opened for reading ../../../Engine/DerivedDataCache/Compressed.ddp.
[2019.01.18-09.18.03:268][  0]LogDerivedDataCache: Using Local data cache path C:/Users/robin/AppData/Local/UnrealEngine/Common/DerivedDataCache: Writable
[2019.01.18-09.18.03:268][  0]LogDerivedDataCache: Shared data cache path not found in *engine.ini, will not use an Shared cache.
[2019.01.18-09.18.03:268][  0]LogDerivedDataCache: Unable to find inner node Shared for hierarchical cache Hierarchy.
[2019.01.18-09.18.03:283][  0]LogMaterial: Verifying Global Shaders for PCD3D_SM5
[2019.01.18-09.18.03:284][  0]LogSlate: Using FreeType 2.6.0
[2019.01.18-09.18.03:294][  0]LogSlate: SlateFontServices - WITH_FREETYPE: 1, WITH_HARFBUZZ: 1
[2019.01.18-09.18.03:469][  0]LogAssetRegistry: FAssetRegistry took 0.0255 seconds to start up
[2019.01.18-09.18.03:729][  0]LogInit: Selected Device Profile: [Windows]
[2019.01.18-09.18.03:932][  0]LogSimplygon: Simplygon DLL not present - disabling.
[2019.01.18-09.18.03:936][  0]LogMeshReduction: Using SimplygonSwarm for distributed automatic mesh merging
[2019.01.18-09.18.03:936][  0]LogMeshReduction: Using ProxyLODMeshReduction for automatic mesh merging
[2019.01.18-09.18.03:936][  0]LogMeshReduction: Using QuadricMeshReduction for automatic static mesh reduction
[2019.01.18-09.18.03:936][  0]LogMeshReduction: No automatic skeletal mesh reduction module available
[2019.01.18-09.18.03:964][  0]LogNetVersion: UnrealGJ 1.0.0, NetCL: 4212847, EngineNetVer: 5, GameNetVer: 0 (Checksum: 2324781392)
[2019.01.18-09.18.04:830][  0]LogPackageLocalizationCache: Processed 11 localized package path(s) for 2 prioritized culture(s) in 0.085582 seconds
[2019.01.18-09.18.04:836][  0]LogUObjectArray: 38425 objects as part of root set at end of initial load.
[2019.01.18-09.18.04:836][  0]LogUObjectAllocator: 6690864 out of 0 bytes used by permanent object pool.
[2019.01.18-09.18.04:836][  0]LogUObjectArray: CloseDisregardForGC: 0/0 objects in disregard for GC pool
[2019.01.18-09.18.06:970][  0]LogTcpMessaging: Initializing TcpMessaging bridge
[2019.01.18-09.18.06:983][  0]LogUdpMessaging: Initializing bridge on interface 0.0.0.0:0 to multicast group 230.0.0.1:6666.
[2019.01.18-09.18.07:178][  0]SourceControl: Source control is disabled
[2019.01.18-09.18.07:844][  0]LogAndroidPermission: UAndroidPermissionCallbackProxy::GetInstance
[2019.01.18-09.18.07:881][  0]LogOcInput: OculusInput pre-init called
[2019.01.18-09.18.07:952][  0]LogEngine: Initializing Engine...
[2019.01.18-09.18.07:970][  0]LogHMD: Failed to initialize OpenVR with code 126
[2019.01.18-09.18.07:971][  0]LogStats: UGameplayTagsManager::ConstructGameplayTagTree: ImportINI prefixes -  0.000 s
[2019.01.18-09.18.07:971][  0]LogStats: UGameplayTagsManager::ConstructGameplayTagTree: Construct from data asset -  0.000 s
[2019.01.18-09.18.07:971][  0]LogStats: UGameplayTagsManager::ConstructGameplayTagTree: ImportINI -  0.000 s
[2019.01.18-09.18.07:971][  0]LogStats: UGameplayTagsManager::ConstructGameplayTagTree: GameplayTagTreeChangedEvent.Broadcast -  0.000 s
[2019.01.18-09.18.08:288][  0]LogInit: Initializing FReadOnlyCVARCache
[2019.01.18-09.18.08:299][  0]LogAIModule: Creating AISystem for world Untitled
[2019.01.18-09.18.08:305][  0]LogInit: XAudio2 using 'Haut-parleurs (Realtek High Definition Audio)' : 2 channels at 48 kHz using 32 bits per sample (channel mask 0x3)
[2019.01.18-09.18.09:158][  0]LogInit: FAudioDevice initialized.
[2019.01.18-09.18.09:158][  0]LogNetVersion: Set ProjectVersion to 1.0.0.0. Version Checksum will be recalculated on next use.
[2019.01.18-09.18.09:197][  0]LogDerivedDataCache: Saved boot cache 0.04s 71MB C:/Users/robin/AppData/Local/UnrealEngine/4.20/DerivedDataCache/Boot.ddc.
[2019.01.18-09.18.09:207][  0]LogInit: Texture streaming: Enabled
[2019.01.18-09.18.09:224][  0]LogEngineSessionManager: EngineSessionManager initialized
[2019.01.18-09.18.09:239][  0]LogInit: Transaction tracking system initialized
[2019.01.18-09.18.09:262][  0]BlueprintLog: New page: Editor Load
[2019.01.18-09.18.09:344][  0]LocalizationService: Localization service is disabled
[2019.01.18-09.18.09:807][  0]LogCook: Display: Max memory allowance for cook 16384mb min free memory 0mb
[2019.01.18-09.18.09:807][  0]LogCook: Display: Mobile HDR setting 1
[2019.01.18-09.18.09:807][  0]LogGameplayTags: Display: UGameplayTagsManager::DoneAddingNativeTags. DelegateIsBound: 0
[2019.01.18-09.18.09:807][  0]LogStats: UGameplayTagsManager::ConstructGameplayTagTree: ImportINI prefixes -  0.000 s
[2019.01.18-09.18.09:807][  0]LogStats: UGameplayTagsManager::ConstructGameplayTagTree: Construct from data asset -  0.000 s
[2019.01.18-09.18.09:807][  0]LogStats: UGameplayTagsManager::ConstructGameplayTagTree: ImportINI -  0.000 s
[2019.01.18-09.18.09:807][  0]LogStats: UGameplayTagsManager::ConstructGameplayTagTree: GameplayTagTreeChangedEvent.Broadcast -  0.000 s
[2019.01.18-09.18.09:970][  0]LogFileCache: Scanning file cache for directory 'D:/Cours/DeuxiemeAnnee/WorkShop/GJ/GiletsJauneCetteFoisCbon/UnrealGJ/Content/' took 0.02s
[2019.01.18-09.18.09:970][  0]Cmd: MAP LOAD FILE="../../../Engine/Content/Maps/Templates/Template_Default.umap" TEMPLATE=1 SHOWPROGRESS=1 FEATURELEVEL=3
[2019.01.18-09.18.09:973][  0]LightingResults: New page: Lighting Build
[2019.01.18-09.18.09:976][  0]MapCheck: New page: Map Check
[2019.01.18-09.18.09:976][  0]LightingResults: New page: Lighting Build
[2019.01.18-09.18.10:147][  0]LogAIModule: Creating AISystem for world Untitled_1
[2019.01.18-09.18.10:155][  0]LogEditorServer: Finished looking for orphan Actors (0.000 secs)
[2019.01.18-09.18.10:178][  0]Cmd: MAP CHECKDEP NOCLEARLOG
[2019.01.18-09.18.10:235][  0]MapCheck: Map check complete: 0 Error(s), 0 Warning(s), took 57,185ms to complete.
[2019.01.18-09.18.10:235][  0]LogFileHelpers: Loading map 'Template_Default' took 0.266
[2019.01.18-09.18.10:338][  0]LogSlate: Updating window title bar state: overlay mode, drag disabled, window buttons hidden, title bar hidden
[2019.01.18-09.18.10:346][  0]LogSlate: Updating window title bar state: overlay mode, drag disabled, window buttons hidden, title bar hidden
[2019.01.18-09.18.10:352][  0]LogSlate: Updating window title bar state: overlay mode, drag disabled, window buttons hidden, title bar hidden
[2019.01.18-09.18.10:359][  0]LogSlate: Updating window title bar state: overlay mode, drag disabled, window buttons hidden, title bar hidden
[2019.01.18-09.18.10:368][  0]LogCollectionManager: Loaded 0 collections in 0.001756 seconds
[2019.01.18-09.18.10:406][  0]LogFileCache: Scanning file cache for directory 'D:/Cours/DeuxiemeAnnee/WorkShop/GJ/GiletsJauneCetteFoisCbon/UnrealGJ/Saved/Collections/' took 0.01s
[2019.01.18-09.18.10:406][  0]LogFileCache: Scanning file cache for directory 'D:/Cours/DeuxiemeAnnee/WorkShop/GJ/GiletsJauneCetteFoisCbon/UnrealGJ/Content/Developers/robin/Collections/' took 0.01s
[2019.01.18-09.18.10:406][  0]LogFileCache: Scanning file cache for directory 'D:/Cours/DeuxiemeAnnee/WorkShop/GJ/GiletsJauneCetteFoisCbon/UnrealGJ/Content/Collections/' took 0.01s
[2019.01.18-09.18.10:406][  0]LogCollectionManager: Rebuilt the GUID cache for 0 collections in 0.000000 seconds
[2019.01.18-09.18.10:414][  0]LogContentBrowser: Native class hierarchy populated in 0.0077 seconds. Added 2572 classes and 603 folders.
[2019.01.18-09.18.10:420][  0]LogContentBrowser: Native class hierarchy updated for 'WidgetCarousel' in 0.0002 seconds. Added 0 classes and 0 folders.
[2019.01.18-09.18.10:710][  0]LogContentBrowser: Native class hierarchy updated for 'AddContentDialog' in 0.0002 seconds. Added 0 classes and 0 folders.
[2019.01.18-09.18.10:714][  0]LogContentBrowser: Native class hierarchy updated for 'SceneOutliner' in 0.0002 seconds. Added 1 classes and 2 folders.
[2019.01.18-09.18.10:733][  0]LogSlate: Took 0.003549 seconds to synchronously load lazily loaded font '../../../Engine/Content/Slate/Fonts/Roboto-Regular.ttf' (155K)
[2019.01.18-09.18.10:738][  0]LogSlate: Took 0.003381 seconds to synchronously load lazily loaded font '../../../Engine/Content/Slate/Fonts/Roboto-Bold.ttf' (160K)
[2019.01.18-09.18.10:746][  0]LogSlate: Took 0.003778 seconds to synchronously load lazily loaded font '../../../Engine/Content/Editor/Slate/Fonts/FontAwesome.ttf' (139K)
[2019.01.18-09.18.10:858][  0]LogRenderer: Reallocating scene render targets to support 1208x656 Format 10 NumSamples 1 (Frame:1).
[2019.01.18-09.18.10:961][  0]LogContentBrowser: Native class hierarchy updated for 'HierarchicalLODOutliner' in 0.0002 seconds. Added 0 classes and 0 folders.
[2019.01.18-09.18.10:961][  0]LogLoad: (Engine Initialization) Total time: 15.10 seconds
[2019.01.18-09.18.10:961][  0]LogLoad: (Engine Initialization) Total Blueprint compile time: 0.00 seconds
[2019.01.18-09.18.11:010][  0]LogContentStreaming: Texture pool size now 1000 MB
[2019.01.18-09.18.11:059][  0]LogSlate: Took 0.003540 seconds to synchronously load lazily loaded font '../../../Engine/Content/Slate/Fonts/Roboto-Light.ttf' (167K)
[2019.01.18-09.18.11:084][  1]LogFileCache: Retrieving MD5 hashes for directory 'D:/Cours/DeuxiemeAnnee/WorkShop/GJ/GiletsJauneCetteFoisCbon/UnrealGJ/Content/' took 0.09s
[2019.01.18-09.18.11:096][  1]LogAssetRegistry: Asset discovery search completed in 7.6504 seconds
[2019.01.18-09.18.11:098][  1]LogCollectionManager: Rebuilt the object cache for 0 collections in 0.000000 seconds (found 0 objects)
[2019.01.18-09.18.11:098][  1]LogCollectionManager: Fixed up redirectors for 0 collections in 0.000038 seconds (updated 0 objects)
[2019.01.18-09.18.20:799][583]LogSlate: FSceneViewport::OnFocusLost() reason 0
[2019.01.18-09.18.23:278][731]LogSlate: Took 0.000187 seconds to synchronously load lazily loaded font '../../../Engine/Content/Slate/Fonts/Roboto-Light.ttf' (167K)
[2019.01.18-09.18.23:460][731]LogAIModule: Creating AISystem for world robin
[2019.01.18-09.18.23:469][731]LogAssetEditorManager: Opening Asset editor for World /Game/Levels/robin.robin
[2019.01.18-09.18.23:496][731]Cmd: MAP LOAD FILE="D:/Cours/DeuxiemeAnnee/WorkShop/GJ/GiletsJauneCetteFoisCbon/UnrealGJ/Content/Levels/robin.umap" TEMPLATE=0 SHOWPROGRESS=1 FEATURELEVEL=3
[2019.01.18-09.18.23:496][731]LightingResults: New page: Lighting Build
[2019.01.18-09.18.23:496][731]LoadErrors: New page: Loading map: robin.umap
[2019.01.18-09.18.23:497][731]MapCheck: New page: Map Check
[2019.01.18-09.18.23:497][731]LightingResults: New page: Lighting Build
[2019.01.18-09.18.23:525][731]LogEditorServer: Finished looking for orphan Actors (0.000 secs)
[2019.01.18-09.18.23:567][731]Cmd: MAP CHECKDEP NOCLEARLOG
[2019.01.18-09.18.23:631][731]MapCheck: Map check complete: 0 Error(s), 0 Warning(s), took 64,265ms to complete.
[2019.01.18-09.18.23:631][731]LogFileHelpers: Loading map 'robin' took 0.136
[2019.01.18-09.19.37:252][145]LogSlate: FSceneViewport::OnFocusLost() reason 0
[2019.01.18-09.20.17:518][294]LogFactory: FactoryCreateFile: StaticMesh with FbxFactory (0 0 C:\Users\robin\OneDrive\Bureau\GiletJaune\Voxel\Poubelle1.obj)
[2019.01.18-09.20.17:527][294]LogFbx: Loading FBX Scene from C:\Users\robin\OneDrive\Bureau\GiletJaune\Voxel\Poubelle1.obj
[2019.01.18-09.20.17:544][294]LogFbx: FBX Scene Loaded Succesfully
[2019.01.18-09.20.29:426][294]LogSlate: Window 'FBX Import Options' being destroyed
[2019.01.18-09.20.29:564][294]LogLinker: Can't find file '/Game/Mesh/Assets/Poubelle1'
[2019.01.18-09.20.29:567][294]LogTexture: Display: Building textures: Poubelle2 (BGRA8, 256X1)
[2019.01.18-09.20.29:571][294]LogMaterial: Display: Missing cached shader map for material palette, compiling. 
[2019.01.18-09.20.29:615][294]LogShaderCompilers: Display: Shaders left to compile 22
[2019.01.18-09.20.29:615][294]LogShaderCompilers: Display: Shaders left to compile 12
[2019.01.18-09.20.29:615][294]LogShaderCompilers: Display: Shaders left to compile 2
[2019.01.18-09.20.29:621][294]LogStaticMesh: Building static mesh Poubelle1...
[2019.01.18-09.20.29:639][294]LogStaticMesh: Built static mesh [0.02s] /Game/Mesh/Assets/Poubelle1.Poubelle1
[2019.01.18-09.20.29:642][294]LogStaticMesh: Warning: Poubelle1 has degenerate tangent bases which will result in incorrect shading.  MikkTSpace relies on tangent bases and may result in mesh corruption, consider disabling this option.
[2019.01.18-09.20.29:642][294]LogStaticMesh: Warning: Poubelle1 has some nearly zero bi-normals which can create some issues. (Tolerance of 1E-4)
[2019.01.18-09.20.29:652][294]FBXImport: Warning: No smoothing group information was found in this FBX scene.  Please make sure to enable the 'Export Smoothing Groups' option in the FBX Exporter plug-in before exporting the file.  Even for tools that don't support smoothing groups, the FBX Exporter will generate appropriate smoothing data at export-time so that correct vertex normals can be inferred while importing. 
[2019.01.18-09.20.29:652][294]FBXImport: Warning: Poubelle1 has degenerate tangent bases which will result in incorrect shading.  MikkTSpace relies on tangent bases and may result in mesh corruption, consider disabling this option. 
[2019.01.18-09.20.29:652][294]FBXImport: Warning: Poubelle1 has some nearly zero bi-normals which can create some issues. (Tolerance of 1E-4) 
[2019.01.18-09.20.45:615][294]LogSlate: Window 'Message' being destroyed
[2019.01.18-09.20.47:732][294]LogSlate: Window 'Message' being destroyed
[2019.01.18-09.20.47:736][294]LogAssetTools: Warning: Failed to delete '/Game/Mesh/Assets/Poubelle2'. The asset is referenced by other content.
[2019.01.18-09.20.50:024][426]LogSlate: Window 'Message Log' being destroyed
[2019.01.18-09.20.50:028][426]LogSlate: Window 'Message Log' being destroyed
[2019.01.18-09.20.55:327][744]LogSlate: FSceneViewport::OnFocusLost() reason 0
[2019.01.18-09.20.55:514][755]LogActorFactory: Actor Factory created Poubelle1
[2019.01.18-09.20.59:534][996]LogActorFactory: Actor Factory created Poubelle1
[2019.01.18-09.21.01:930][137]Cmd: TRANSACTION UNDO
[2019.01.18-09.21.01:930][137]LogEditorTransaction: Undo Create Actors
[2019.01.18-09.21.02:301][159]LogSlate: FSceneViewport::OnFocusLost() reason 0
[2019.01.18-09.21.09:208][363]LogSlate: Window 'Delete Assets' being destroyed
[2019.01.18-09.21.09:488][363]LogMaterial: Display: Missing cached shader map for material palette, compiling. 
[2019.01.18-09.21.09:489][363]LogMaterial: Warning: /Game/Mesh/Assets/palette.palette (no disk path found): Failed to compile Material for platform PCD3D_SM5, Default Material will be used in game.
[2019.01.18-09.21.09:489][363]LogMaterial: 	(Node TextureSample) Texture Sample> Missing input texture
[2019.01.18-09.21.19:380][600]LogFactory: FactoryCreateFile: StaticMesh with FbxFactory (0 0 C:\Users\robin\OneDrive\Bureau\GiletJaune\Voxel\Poubelle2.obj)
[2019.01.18-09.21.19:387][600]LogFbx: Loading FBX Scene from C:\Users\robin\OneDrive\Bureau\GiletJaune\Voxel\Poubelle2.obj
[2019.01.18-09.21.19:391][600]LogFbx: FBX Scene Loaded Succesfully
[2019.01.18-09.21.20:940][600]LogSlate: Window 'FBX Import Options' being destroyed
[2019.01.18-09.21.20:968][600]LogLinker: Can't find file '/Game/Mesh/Assets/Poubelle2'
[2019.01.18-09.21.20:971][600]LogTexture: Display: Building textures: Poubelle3 (BGRA8, 256X1)
[2019.01.18-09.21.20:976][600]LogMaterial: Display: Missing cached shader map for material palette, compiling. 
[2019.01.18-09.21.20:990][600]LogStaticMesh: Building static mesh Poubelle2...
[2019.01.18-09.21.20:993][600]LogShaderCompilers: Display: Shaders left to compile 22
[2019.01.18-09.21.20:993][600]LogShaderCompilers: Display: Shaders left to compile 12
[2019.01.18-09.21.20:993][600]LogShaderCompilers: Display: Shaders left to compile 2
[2019.01.18-09.21.20:993][600]LogStaticMesh: Built static mesh [0.00s] /Game/Mesh/Assets/Poubelle2.Poubelle2
[2019.01.18-09.21.20:993][600]LogStaticMesh: Warning: Poubelle2 has degenerate tangent bases which will result in incorrect shading.  MikkTSpace relies on tangent bases and may result in mesh corruption, consider disabling this option.
[2019.01.18-09.21.20:993][600]LogStaticMesh: Warning: Poubelle2 has some nearly zero bi-normals which can create some issues. (Tolerance of 1E-4)
[2019.01.18-09.21.21:001][600]FBXImport: Warning: No smoothing group information was found in this FBX scene.  Please make sure to enable the 'Export Smoothing Groups' option in the FBX Exporter plug-in before exporting the file.  Even for tools that don't support smoothing groups, the FBX Exporter will generate appropriate smoothing data at export-time so that correct vertex normals can be inferred while importing. 
[2019.01.18-09.21.21:001][600]FBXImport: Warning: Poubelle2 has degenerate tangent bases which will result in incorrect shading.  MikkTSpace relies on tangent bases and may result in mesh corruption, consider disabling this option. 
[2019.01.18-09.21.21:001][600]FBXImport: Warning: Poubelle2 has some nearly zero bi-normals which can create some issues. (Tolerance of 1E-4) 
[2019.01.18-09.21.26:686][863]LogSlate: Window 'Message Log' being destroyed
[2019.01.18-09.21.26:690][863]LogSlate: Window 'Message Log' being destroyed
[2019.01.18-09.21.30:089][ 67]LogActorFactory: Actor Factory created Poubelle2
[2019.01.18-09.21.31:076][126]LogActorFactory: Actor Factory created Poubelle2
[2019.01.18-09.21.39:455][626]Cmd: CAMERA ALIGN ACTIVEVIEWPORTONLY
[2019.01.18-09.21.45:419][983]LogSlate: FSceneViewport::OnFocusLost() reason 0
[2019.01.18-09.21.48:191][148]Cmd: TRANSACTION UNDO
[2019.01.18-09.21.48:191][148]LogEditorTransaction: Undo Scale Actors
[2019.01.18-09.21.51:444][342]LogSlate: FSceneViewport::OnFocusLost() reason 0
[2019.01.18-09.21.59:416][819]LogEditorViewport: Clicking on Actor (LMB): BP_Sky_Sphere_C (Sky Sphere)
[2019.01.18-09.22.00:063][856]LogEditorViewport: Clicking on Actor (LMB): StaticMeshActor (Poubelle2)
[2019.01.18-09.22.02:355][991]Cmd: DELETE
[2019.01.18-09.22.02:355][991]Cmd: ACTOR DELETE
[2019.01.18-09.22.02:358][991]LogEditorActor: Deleted Actor: StaticMeshActor
[2019.01.18-09.22.02:379][991]LogEditorActor: Deleted 1 Actors (0.024 secs)
[2019.01.18-09.22.03:771][ 75]LogSlate: FSceneViewport::OnFocusLost() reason 0
[2019.01.18-09.22.55:849][946]LogFactory: FactoryCreateFile: StaticMesh with FbxFactory (0 0 C:\Users\robin\OneDrive\Bureau\GiletJaune\Voxel\Truck.obj)
[2019.01.18-09.22.55:856][946]LogFbx: Loading FBX Scene from C:\Users\robin\OneDrive\Bureau\GiletJaune\Voxel\Truck.obj
[2019.01.18-09.22.55:880][946]LogFbx: FBX Scene Loaded Succesfully
[2019.01.18-09.22.57:205][946]LogSlate: Window 'FBX Import Options' being destroyed
[2019.01.18-09.22.57:235][946]LogStaticMesh: Building static mesh Truck_Canon_Truck1...
[2019.01.18-09.22.57:236][946]LogStaticMesh: Built static mesh [0.00s] /Game/Mesh/Assets/Truck_Canon_Truck1.Truck_Canon_Truck1
[2019.01.18-09.22.57:236][946]LogStaticMesh: Warning: Truck_Canon_Truck1 has degenerate tangent bases which will result in incorrect shading.  MikkTSpace relies on tangent bases and may result in mesh corruption, consider disabling this option.
[2019.01.18-09.22.57:236][946]LogStaticMesh: Warning: Truck_Canon_Truck1 has some nearly zero bi-normals which can create some issues. (Tolerance of 1E-4)
[2019.01.18-09.22.57:255][946]LogStaticMesh: Building static mesh Truck_Truck1_Main...
[2019.01.18-09.22.57:267][946]LogStaticMesh: Built static mesh [0.01s] /Game/Mesh/Assets/Truck_Truck1_Main.Truck_Truck1_Main
[2019.01.18-09.22.57:269][946]LogStaticMesh: Warning: Truck_Truck1_Main has degenerate tangent bases which will result in incorrect shading.  MikkTSpace relies on tangent bases and may result in mesh corruption, consider disabling this option.
[2019.01.18-09.22.57:269][946]LogStaticMesh: Warning: Truck_Truck1_Main has some nearly zero bi-normals which can create some issues. (Tolerance of 1E-4)
[2019.01.18-09.22.57:277][946]FBXImport: Warning: Truck_Canon_Truck1 has degenerate tangent bases which will result in incorrect shading.  MikkTSpace relies on tangent bases and may result in mesh corruption, consider disabling this option. 
[2019.01.18-09.22.57:277][946]FBXImport: Warning: Truck_Canon_Truck1 has some nearly zero bi-normals which can create some issues. (Tolerance of 1E-4) 
[2019.01.18-09.22.57:277][946]FBXImport: Warning: Truck_Truck1_Main has degenerate tangent bases which will result in incorrect shading.  MikkTSpace relies on tangent bases and may result in mesh corruption, consider disabling this option. 
[2019.01.18-09.22.57:277][946]FBXImport: Warning: Truck_Truck1_Main has some nearly zero bi-normals which can create some issues. (Tolerance of 1E-4) 
[2019.01.18-09.23.35:959][265]LogSlate: Window 'Message Log' being destroyed
[2019.01.18-09.23.35:963][265]LogSlate: Window 'Message Log' being destroyed
[2019.01.18-09.23.41:579][602]LogSlate: FSceneViewport::OnFocusLost() reason 0
[2019.01.18-09.23.42:100][633]LogActorFactory: Actor Factory created Truck_Canon_Truck1
[2019.01.18-09.23.42:101][633]LogActorFactory: Actor Factory created Truck_Truck1_Main
[2019.01.18-09.23.42:918][682]LogActorFactory: Actor Factory created Truck_Canon_Truck1
[2019.01.18-09.23.42:932][682]LogActorFactory: Actor Factory created Truck_Truck1_Main
[2019.01.18-09.23.44:404][768]LogEditorViewport: Clicking on Actor (LMB): BP_Sky_Sphere_C (Sky Sphere)
[2019.01.18-09.23.47:784][969]LogEditorViewport: Clicking on Actor (LMB): StaticMeshActor (Truck_Truck1_Main)
[2019.01.18-09.23.55:386][421]LogEditorViewport: Clicking on Actor (LMB): BP_Sky_Sphere_C (Sky Sphere)
[2019.01.18-09.23.59:425][661]LogEditorViewport: Clicking on Actor (LMB): StaticMeshActor (Truck_Canon_Truck1)
[2019.01.18-09.24.09:654][272]LogEditorViewport: Clicking on Actor (LMB): BP_Sky_Sphere_C (Sky Sphere)
[2019.01.18-09.24.10:002][291]LogEditorViewport: Clicking on Actor (LMB): StaticMeshActor (Truck_Canon_Truck1)
[2019.01.18-09.24.11:171][359]Cmd: CAMERA ALIGN ACTIVEVIEWPORTONLY
[2019.01.18-09.24.14:393][552]LogEditorViewport: Clicking on Actor (LMB): BP_Sky_Sphere_C (Sky Sphere)
[2019.01.18-09.24.15:573][621]LogEditorViewport: Clicking on Actor (LMB): BP_Sky_Sphere_C (Sky Sphere)
[2019.01.18-09.24.16:401][670]LogEditorViewport: Clicking on Actor (LMB): StaticMeshActor (Truck_Canon_Truck1)
[2019.01.18-09.24.20:184][894]Cmd: TRANSACTION UNDO
[2019.01.18-09.24.20:184][894]LogEditorTransaction: Undo Rotate Actors
[2019.01.18-09.24.21:239][957]LogEditorViewport: Clicking on Actor (LMB): BP_Sky_Sphere_C (Sky Sphere)
[2019.01.18-09.24.22:668][ 41]LogEditorViewport: Clicking on Actor (LMB): StaticMeshActor (Truck_Canon_Truck1)
[2019.01.18-09.24.23:059][ 62]LogEditorViewport: Clicking on Actor (context menu): StaticMeshActor (Truck_Canon_Truck1)
[2019.01.18-09.24.23:090][ 62]LogSlate: FSceneViewport::OnFocusLost() reason 2
[2019.01.18-09.24.31:018][536]LogEditorViewport: Clicking on Actor (LMB): BP_Sky_Sphere_C (Sky Sphere)
[2019.01.18-09.24.34:033][715]LogEditorViewport: Clicking on Actor (LMB): StaticMeshActor (Truck_Canon_Truck1)
[2019.01.18-09.24.50:380][691]LogEditorViewport: Clicking on Actor (context menu): StaticMeshActor (Truck_Canon_Truck1)
[2019.01.18-09.24.50:400][691]LogSlate: FSceneViewport::OnFocusLost() reason 2
[2019.01.18-09.24.53:314][866]LogSlate: FSceneViewport::OnFocusLost() reason 5
[2019.01.18-09.24.53:320][866]LogAssetEditorManager: Opening Asset editor for StaticMesh /Game/Mesh/Assets/Truck_Canon_Truck1.Truck_Canon_Truck1
[2019.01.18-09.24.53:763][866]LogRenderer: Reallocating scene render targets to support 1228x656 Format 10 NumSamples 1 (Frame:1).
[2019.01.18-09.24.53:763][866]LogSlate: Took 0.003411 seconds to synchronously load lazily loaded font '../../../Engine/Content/Slate/Fonts/Roboto-Italic.ttf' (157K)
[2019.01.18-09.24.58:655][159]LogSlate: FSceneViewport::OnFocusLost() reason 0
[2019.01.18-09.25.25:321][758]LogSlate: FSceneViewport::OnFocusLost() reason 0
[2019.01.18-09.25.25:422][764]LogSlate: Window 'Truck_Canon_Truck1*' being destroyed
[2019.01.18-09.25.25:426][764]LogSlate: Window 'Truck_Canon_Truck1*' being destroyed
[2019.01.18-09.25.30:538][ 66]LogEditorViewport: Clicking on Actor (LMB): StaticMeshActor (Truck_Truck1_Main)
[2019.01.18-09.25.31:386][115]Cmd: DELETE
[2019.01.18-09.25.31:386][115]Cmd: ACTOR DELETE
[2019.01.18-09.25.31:388][115]LogEditorActor: Deleted Actor: StaticMeshActor
[2019.01.18-09.25.31:410][115]LogEditorActor: Deleted 1 Actors (0.025 secs)
[2019.01.18-09.25.32:099][157]LogEditorViewport: Clicking on Actor (LMB): StaticMeshActor (Truck_Canon_Truck1)
[2019.01.18-09.25.32:185][160]Cmd: DELETE
[2019.01.18-09.25.32:185][160]Cmd: ACTOR DELETE
[2019.01.18-09.25.32:188][160]LogEditorActor: Deleted Actor: StaticMeshActor
[2019.01.18-09.25.32:208][160]LogEditorActor: Deleted 1 Actors (0.023 secs)
[2019.01.18-09.25.32:881][201]LogEditorViewport: Clicking on Actor (LMB): BP_Sky_Sphere_C (Sky Sphere)
[2019.01.18-09.25.33:869][258]LogSlate: FSceneViewport::OnFocusLost() reason 2
[2019.01.18-09.25.34:656][305]LogSlate: FSceneViewport::OnFocusLost() reason 2
[2019.01.18-09.25.34:745][305]LogSlate: FSceneViewport::OnFocusLost() reason 2
[2019.01.18-09.25.34:821][305]Cmd: OBJ SAVEPACKAGE PACKAGE="/Game/Levels/robin" FILE="D:/Cours/DeuxiemeAnnee/WorkShop/GJ/GiletsJauneCetteFoisCbon/UnrealGJ/Content/Levels/robin.umap" SILENT=true AUTOSAVING=false KEEPDIRTY=false
[2019.01.18-09.25.34:943][305]LogSavePackage: Moving 'D:/Cours/DeuxiemeAnnee/WorkShop/GJ/GiletsJauneCetteFoisCbon/UnrealGJ/Saved/robinB8D2C7394A242BAA537B969B1F186DC1.tmp' to 'D:/Cours/DeuxiemeAnnee/WorkShop/GJ/GiletsJauneCetteFoisCbon/UnrealGJ/Content/Levels/robin.umap'
[2019.01.18-09.25.34:968][305]LogFileHelpers: Saving map 'robin' took 0.218
[2019.01.18-09.25.34:981][305]Cmd: OBJ SAVEPACKAGE PACKAGE="/Game/Mesh/Assets/Poubelle2" FILE="D:/Cours/DeuxiemeAnnee/WorkShop/GJ/GiletsJauneCetteFoisCbon/UnrealGJ/Content/Mesh/Assets/Poubelle2.uasset" SILENT=true
[2019.01.18-09.25.34:995][305]LogSavePackage: Moving 'D:/Cours/DeuxiemeAnnee/WorkShop/GJ/GiletsJauneCetteFoisCbon/UnrealGJ/Saved/Poubelle2516FFF9346C8258B2994C789D607D4F8.tmp' to 'D:/Cours/DeuxiemeAnnee/WorkShop/GJ/GiletsJauneCetteFoisCbon/UnrealGJ/Content/Mesh/Assets/Poubelle2.uasset'
[2019.01.18-09.25.35:173][305]Cmd: OBJ SAVEPACKAGE PACKAGE="/Game/Mesh/Assets/Poubelle1" FILE="D:/Cours/DeuxiemeAnnee/WorkShop/GJ/GiletsJauneCetteFoisCbon/UnrealGJ/Content/Mesh/Assets/Poubelle1.uasset" SILENT=true
[2019.01.18-09.25.35:187][305]LogSavePackage: Moving 'D:/Cours/DeuxiemeAnnee/WorkShop/GJ/GiletsJauneCetteFoisCbon/UnrealGJ/Saved/Poubelle1C047488C4209A363C67407B6065B5397.tmp' to 'D:/Cours/DeuxiemeAnnee/WorkShop/GJ/GiletsJauneCetteFoisCbon/UnrealGJ/Content/Mesh/Assets/Poubelle1.uasset'
[2019.01.18-09.25.35:345][305]Cmd: OBJ SAVEPACKAGE PACKAGE="/Game/Mesh/Assets/palette" FILE="D:/Cours/DeuxiemeAnnee/WorkShop/GJ/GiletsJauneCetteFoisCbon/UnrealGJ/Content/Mesh/Assets/palette.uasset" SILENT=true
[2019.01.18-09.25.35:360][305]LogSavePackage: Moving 'D:/Cours/DeuxiemeAnnee/WorkShop/GJ/GiletsJauneCetteFoisCbon/UnrealGJ/Saved/palette078DC521441A1CAECA86F89D46C34A14.tmp' to 'D:/Cours/DeuxiemeAnnee/WorkShop/GJ/GiletsJauneCetteFoisCbon/UnrealGJ/Content/Mesh/Assets/palette.uasset'
[2019.01.18-09.25.35:516][305]Cmd: OBJ SAVEPACKAGE PACKAGE="/Game/Mesh/Assets/Poubelle3" FILE="D:/Cours/DeuxiemeAnnee/WorkShop/GJ/GiletsJauneCetteFoisCbon/UnrealGJ/Content/Mesh/Assets/Poubelle3.uasset" SILENT=true
[2019.01.18-09.25.35:522][305]LogSavePackage: Moving 'D:/Cours/DeuxiemeAnnee/WorkShop/GJ/GiletsJauneCetteFoisCbon/UnrealGJ/Saved/Poubelle3477170404E572C5FABACF196717815B0.tmp' to 'D:/Cours/DeuxiemeAnnee/WorkShop/GJ/GiletsJauneCetteFoisCbon/UnrealGJ/Content/Mesh/Assets/Poubelle3.uasset'
[2019.01.18-09.25.35:667][305]Cmd: OBJ SAVEPACKAGE PACKAGE="/Game/Mesh/Assets/Truck_Canon_Truck1" FILE="D:/Cours/DeuxiemeAnnee/WorkShop/GJ/GiletsJauneCetteFoisCbon/UnrealGJ/Content/Mesh/Assets/Truck_Canon_Truck1.uasset" SILENT=true
[2019.01.18-09.25.35:681][305]LogSavePackage: Moving 'D:/Cours/DeuxiemeAnnee/WorkShop/GJ/GiletsJauneCetteFoisCbon/UnrealGJ/Saved/Truck_Canon_Truck1776BD0BA425FC6769D9A7CB40F5FBA4B.tmp' to 'D:/Cours/DeuxiemeAnnee/WorkShop/GJ/GiletsJauneCetteFoisCbon/UnrealGJ/Content/Mesh/Assets/Truck_Canon_Truck1.uasset'
[2019.01.18-09.25.35:847][305]Cmd: OBJ SAVEPACKAGE PACKAGE="/Game/Mesh/Assets/Truck_Truck1_Main" FILE="D:/Cours/DeuxiemeAnnee/WorkShop/GJ/GiletsJauneCetteFoisCbon/UnrealGJ/Content/Mesh/Assets/Truck_Truck1_Main.uasset" SILENT=true
[2019.01.18-09.25.35:862][305]LogSavePackage: Moving 'D:/Cours/DeuxiemeAnnee/WorkShop/GJ/GiletsJauneCetteFoisCbon/UnrealGJ/Saved/Truck_Truck1_MainD33ADC6741A247F98F88A7AAE2BF8017.tmp' to 'D:/Cours/DeuxiemeAnnee/WorkShop/GJ/GiletsJauneCetteFoisCbon/UnrealGJ/Content/Mesh/Assets/Truck_Truck1_Main.uasset'
[2019.01.18-09.25.37:801][413]SourceControl: fatal: C:/Program Files/Epic Games/UE_4.20/Engine/Content: 'C:/Program Files/Epic Games/UE_4.20/Engine/Content' is outside repository
[2019.01.18-09.26.26:811][413]LogSlate: Window 'Submit Files' being destroyed
[2019.01.18-09.26.27:624][413]LogSourceControl: commit successful: [master 1d20eb5] add asset (robin)
[2019.01.18-09.26.27:690][413]SourceControl: [master 1d20eb5] add asset (robin)
[2019.01.18-09.26.27:690][413]SourceControl:  7 files changed, 0 insertions(+), 0 deletions(-)
[2019.01.18-09.26.27:690][413]SourceControl:  create mode 100644 UnrealGJ/Content/Mesh/Assets/Poubelle1.uasset
[2019.01.18-09.26.27:690][413]SourceControl:  create mode 100644 UnrealGJ/Content/Mesh/Assets/Poubelle2.uasset
[2019.01.18-09.26.27:690][413]SourceControl:  create mode 100644 UnrealGJ/Content/Mesh/Assets/Poubelle3.uasset
[2019.01.18-09.26.27:690][413]SourceControl:  create mode 100644 UnrealGJ/Content/Mesh/Assets/Truck_Canon_Truck1.uasset
[2019.01.18-09.26.27:690][413]SourceControl:  create mode 100644 UnrealGJ/Content/Mesh/Assets/Truck_Truck1_Main.uasset
[2019.01.18-09.26.27:690][413]SourceControl:  create mode 100644 UnrealGJ/Content/Mesh/Assets/palette.uasset
[2019.01.18-09.26.27:694][413]SourceControl: Commited [master 1d20eb5] add asset (robin).
[2019.01.18-09.26.27:700][414]LogHttp: Warning: 00000247948C4B80: request failed, libcurl error: 6 (Couldn't resolve host name)
[2019.01.18-09.26.27:700][414]LogHttp: Warning: 00000247948C4B80: libcurl info message cache 0 (Found bundle for host datarouter.ol.epicgames.com: 0x247f36f3fa0 [can pipeline])
[2019.01.18-09.26.27:700][414]LogHttp: Warning: 00000247948C4B80: libcurl info message cache 1 (Re-using existing connection! (#3) with host datarouter.ol.epicgames.com)
[2019.01.18-09.26.27:700][414]LogHttp: Warning: 00000247948C4B80: libcurl info message cache 2 (Connected to datarouter.ol.epicgames.com (35.173.6.69) port 443 (#3))
[2019.01.18-09.26.27:700][414]LogHttp: Warning: 00000247948C4B80: libcurl info message cache 3 (upload completely sent off: 836 out of 836 bytes)
[2019.01.18-09.26.27:700][414]LogHttp: Warning: 00000247948C4B80: libcurl info message cache 4 (OpenSSL SSL_read: SSL_ERROR_SYSCALL, errno 10054)
[2019.01.18-09.26.27:700][414]LogHttp: Warning: 00000247948C4B80: libcurl info message cache 5 (Connection died, retrying a fresh connect)
[2019.01.18-09.26.27:700][414]LogHttp: Warning: 00000247948C4B80: libcurl info message cache 6 (Closing connection 3)
[2019.01.18-09.26.27:700][414]LogHttp: Warning: 00000247948C4B80: libcurl info message cache 7 (Issue another request to this URL: 'https://datarouter.ol.epicgames.com/datarouter/api/v1/public/data?SessionID=%7BF4C92B3B-48D5-004F-F327-40AEFAD3695D%7D&AppID=UEEditor.Rocket.Release&AppVersion=4.20.3-4369336%2B%2B%2BUE4%2BRelease-4.20&UserID=228da8ac476e3917300687a920017ceb%7C285139e3882c4b98a1d9ce119efd0718%7C80656437-1b7c-4cfe-9ec9-1a9ec338895c&AppEnvironment=datacollector-binary&UploadType=eteventstream')
[2019.01.18-09.26.27:700][414]LogHttp: Warning: 00000247948C4B80: libcurl info message cache 8 (Could not resolve host: datarouter.ol.epicgames.com)
[2019.01.18-09.26.27:700][414]LogHttp: Warning: 00000247948C4B80: libcurl info message cache 9 (Closing connection 4)
